app/build/outputs/logs/manifest-merger-debug-report.txt
-- Merging decision tree log ---
manifest
ADDED from src\main\AndroidManifest.xml:17:1-58:12
	package
		ADDED from src\main\AndroidManifest.xml:18:5-49
		INJECTED from src\main\AndroidManifest.xml
		INJECTED from src\main\AndroidManifest.xml
	android:versionName
		ADDED from src\main\AndroidManifest.xml:20:5-30
		INJECTED from src\main\AndroidManifest.xml
		INJECTED from src\main\AndroidManifest.xml
	android:versionCode
		ADDED from src\main\AndroidManifest.xml:19:5-28
		INJECTED from src\main\AndroidManifest.xml
		INJECTED from src\main\AndroidManifest.xml
	xmlns:android
		ADDED from src\main\AndroidManifest.xml:17:11-69
uses-sdk
ADDED from src\main\AndroidManifest.xml:30:5-74
	android:targetSdkVersion
		ADDED from src\main\AndroidManifest.xml:30:42-71
		INJECTED from src\main\AndroidManifest.xml
		INJECTED from src\main\AndroidManifest.xml
	android:minSdkVersion
		ADDED from src\main\AndroidManifest.xml:30:15-41
		INJECTED from src\main\AndroidManifest.xml
		INJECTED from src\main\AndroidManifest.xml
application
ADDED from src\main\AndroidManifest.xml:32:5-56:19
	android:label
		ADDED from src\main\AndroidManifest.xml:33:9-41
	android:allowBackup
		ADDED from src\main\AndroidManifest.xml:32:18-44
	android:icon
		ADDED from src\main\AndroidManifest.xml:34:9-45
	android:theme
		ADDED from src\main\AndroidManifest.xml:35:9-70
activity#com.example.android.animationsdemo.MainActivity
ADDED from src\main\AndroidManifest.xml:37:9-43:20
	android:label
		ADDED from src\main\AndroidManifest.xml:38:13-45
	android:name
		ADDED from src\main\AndroidManifest.xml:37:19-47
intent-filter#android.intent.action.MAIN+android.intent.category.LAUNCHER
ADDED from src\main\AndroidManifest.xml:39:13-42:29
action#android.intent.action.MAIN
ADDED from src\main\AndroidManifest.xml:40:17-69
	android:name
		ADDED from src\main\AndroidManifest.xml:40:25-66
category#android.intent.category.LAUNCHER
ADDED from src\main\AndroidManifest.xml:41:17-77
	android:name
		ADDED from src\main\AndroidManifest.xml:41:27-74
activity#com.example.android.animationsdemo.ScreenSlideActivity
ADDED from src\main\AndroidManifest.xml:46:9-52:20
	android:label
		ADDED from src\main\AndroidManifest.xml:47:13-55
	android:parentActivityName
		ADDED from src\main\AndroidManifest.xml:48:13-55
	android:uiOptions
		ADDED from src\main\AndroidManifest.xml:49:13-57
	android:name
		ADDED from src\main\AndroidManifest.xml:46:19-54
meta-data#android.support.PARENT_ACTIVITY
ADDED from src\main\AndroidManifest.xml:50:13-51:49
	android:value
		ADDED from src\main\AndroidManifest.xml:51:17-46
	android:name
		ADDED from src\main\AndroidManifest.xml:50:24-70